<?xml version="1.0" encoding="UTF-8"?>
<testng-results skipped="0" failed="0" ignored="0" total="1" passed="1">
  <reporter-output>
  </reporter-output>
  <suite name="Default suite" duration-ms="15252" started-at="2020-11-23T14:37:43 IST" finished-at="2020-11-23T14:37:58 IST">
    <groups>
    </groups>
    <test name="Default test" duration-ms="15252" started-at="2020-11-23T14:37:43 IST" finished-at="2020-11-23T14:37:58 IST">
      <class name="com.project.testcases.LoginObjRepos">
        <test-method status="PASS" signature="loginPage()[pri:0, instance:com.project.testcases.LoginObjRepos@5f282abb]" name="loginPage" duration-ms="15215" started-at="2020-11-23T14:37:43 IST" finished-at="2020-11-23T14:37:58 IST">
          <reporter-output>
          </reporter-output>
        </test-method> <!-- loginPage -->
      </class> <!-- com.project.testcases.LoginObjRepos -->
    </test> <!-- Default test -->
  </suite> <!-- Default suite -->
</testng-results>
